<?xml version="1.0" encoding="UTF-8"?>
<!-- Generated by org.testng.reporters.JUnitReportReporter -->
<testsuite hostname="DESKTOP-8IRBSSS" failures="0" tests="2" name="test.Testingbaba_browserwindowTest" time="7.452" errors="0" timestamp="2022-01-26T15:26:27 IST" skipped="0">
  <testcase classname="test.Testingbaba_browserwindowTest" name="clickonalartframewindowbtn" time="0.384"/>
  <system-out/>
  <testcase classname="test.Testingbaba_browserwindowTest" name="clickonbrowserwindowbtnbtn" time="7.068"/>
  <system-out/>
</testsuite> <!-- test.Testingbaba_browserwindowTest -->
