<?xml version="1.0" encoding="UTF-8"?>
<!-- Generated by org.testng.reporters.JUnitReportReporter -->
<testsuite hostname="DESKTOP-8IRBSSS" failures="0" tests="3" name="test.Testingbaba_RadiobuttonTest" time="0.900" errors="0" timestamp="2022-01-26T15:26:27 IST" skipped="0">
  <testcase classname="test.Testingbaba_RadiobuttonTest" name="clickonElements" time="0.339"/>
  <system-out/>
  <testcase classname="test.Testingbaba_RadiobuttonTest" name="clickonradiobutton" time="0.314"/>
  <system-out/>
  <testcase classname="test.Testingbaba_RadiobuttonTest" name="clickonNobutton" time="0.247"/>
  <system-out/>
</testsuite> <!-- test.Testingbaba_RadiobuttonTest -->
