<?xml version="1.0" encoding="UTF-8"?>
<!-- Generated by org.testng.reporters.JUnitReportReporter -->
<testsuite hostname="DESKTOP-8IRBSSS" failures="0" tests="2" name="test.Testingbaba_browserwindowTest" time="8.532" errors="0" timestamp="2022-01-08T18:32:22 IST" skipped="0">
  <testcase classname="test.Testingbaba_browserwindowTest" name="clickonalartframewindowbtn" time="0.471"/>
  <system-out/>
  <testcase classname="test.Testingbaba_browserwindowTest" name="clickonbrowserwindowbtnbtn" time="8.061"/>
  <system-out/>
</testsuite> <!-- test.Testingbaba_browserwindowTest -->
