<?xml version="1.0" encoding="UTF-8"?>
<!-- Generated by org.testng.reporters.JUnitReportReporter -->
<testsuite hostname="DESKTOP-8IRBSSS" failures="0" tests="4" name="test.Testingbaba_ModalDilogsTest" time="2.620" errors="0" timestamp="2022-01-26T15:26:27 IST" skipped="0">
  <testcase classname="test.Testingbaba_ModalDilogsTest" name="clickonalartframewindowbtn" time="0.343"/>
  <system-out/>
  <testcase classname="test.Testingbaba_ModalDilogsTest" name="clickonmodeldilogsbtnbtn" time="0.271"/>
  <system-out/>
  <testcase classname="test.Testingbaba_ModalDilogsTest" name="clickonsmallmodelbtn" time="0.956"/>
  <system-out/>
  <testcase classname="test.Testingbaba_ModalDilogsTest" name="clickonlargemodelbtnbtn" time="1.050"/>
  <system-out/>
</testsuite> <!-- test.Testingbaba_ModalDilogsTest -->
