<?xml version="1.0" encoding="UTF-8"?>
<!-- Generated by org.testng.reporters.JUnitReportReporter -->
<testsuite hostname="DESKTOP-8IRBSSS" failures="0" tests="4" name="test.Testingbaba_TextBoxTest" time="1.492" errors="0" timestamp="2022-01-26T15:26:27 IST" skipped="0">
  <testcase classname="test.Testingbaba_TextBoxTest" name="clickonElements" time="0.285"/>
  <system-out/>
  <testcase classname="test.Testingbaba_TextBoxTest" name="clickonTextBox" time="0.236"/>
  <system-out/>
  <testcase classname="test.Testingbaba_TextBoxTest" name="Filltaxboxdetails" time="0.674"/>
  <system-out/>
  <testcase classname="test.Testingbaba_TextBoxTest" name="getvarifytextboxdata" time="0.297"/>
  <system-out/>
</testsuite> <!-- test.Testingbaba_TextBoxTest -->
