<?xml version="1.0" encoding="UTF-8"?>
<!-- Generated by org.testng.reporters.JUnitReportReporter -->
<testsuite hostname="DESKTOP-8IRBSSS" failures="0" tests="1" name="test.Testingbaba_TooltipTest" time="1.157" errors="0" timestamp="2022-01-26T15:26:27 IST" skipped="0">
  <testcase classname="test.Testingbaba_TooltipTest" name="tooltipmenu" time="1.157"/>
  <system-out/>
</testsuite> <!-- test.Testingbaba_TooltipTest -->
