<?xml version="1.0" encoding="UTF-8"?>
<!-- Generated by org.testng.reporters.JUnitReportReporter -->
<testsuite hostname="DESKTOP-8IRBSSS" failures="0" tests="8" name="test.Testingbaba_FrameTest" time="3.862" errors="0" timestamp="2022-01-08T18:32:22 IST" skipped="0">
  <testcase classname="test.Testingbaba_FrameTest" name="clickonalartframewindowbtn" time="0.654"/>
  <system-out/>
  <testcase classname="test.Testingbaba_FrameTest" name="clickonalartframewindowbtn" time="0.736"/>
  <system-out/>
  <testcase classname="test.Testingbaba_FrameTest" name="clickonframebtn" time="0.492"/>
  <system-out/>
  <testcase classname="test.Testingbaba_FrameTest" name="clickonframebtn" time="0.401"/>
  <system-out/>
  <testcase classname="test.Testingbaba_FrameTest" name="longframe" time="0.352"/>
  <system-out/>
  <testcase classname="test.Testingbaba_FrameTest" name="longframe" time="0.432"/>
  <system-out/>
  <testcase classname="test.Testingbaba_FrameTest" name="samllframe" time="0.434"/>
  <system-out/>
  <testcase classname="test.Testingbaba_FrameTest" name="samllframe" time="0.361"/>
  <system-out/>
</testsuite> <!-- test.Testingbaba_FrameTest -->
