<?xml version="1.0" encoding="UTF-8"?>
<!-- Generated by org.testng.reporters.JUnitReportReporter -->
<testsuite hostname="DESKTOP-8IRBSSS" failures="0" tests="4" name="test.Testingbaba_WebtableTest" time="3.316" errors="0" timestamp="2022-01-26T15:26:27 IST" skipped="0">
  <testcase classname="test.Testingbaba_WebtableTest" name="clickonElements" time="0.281"/>
  <system-out/>
  <testcase classname="test.Testingbaba_WebtableTest" name="clickonwebtable" time="0.260"/>
  <system-out/>
  <testcase classname="test.Testingbaba_WebtableTest" name="filldetails" time="1.566"/>
  <system-out/>
  <testcase classname="test.Testingbaba_WebtableTest" name="updatedetails" time="1.209"/>
  <system-out/>
</testsuite> <!-- test.Testingbaba_WebtableTest -->
