<?xml version="1.0" encoding="UTF-8"?>
<!-- Generated by org.testng.reporters.JUnitReportReporter -->
<testsuite hostname="DESKTOP-8IRBSSS" failures="0" tests="4" name="test.Testingbaba_WebtableTest" time="5.848" errors="0" timestamp="2022-01-18T11:29:10 IST" skipped="0">
  <testcase classname="test.Testingbaba_WebtableTest" name="clickonElements" time="0.213"/>
  <system-out/>
  <testcase classname="test.Testingbaba_WebtableTest" name="clickonwebtable" time="0.309"/>
  <system-out/>
  <testcase classname="test.Testingbaba_WebtableTest" name="filldetails" time="4.219"/>
  <system-out/>
  <testcase classname="test.Testingbaba_WebtableTest" name="updatedetails" time="1.107"/>
  <system-out/>
</testsuite> <!-- test.Testingbaba_WebtableTest -->
