<?xml version="1.0" encoding="UTF-8"?>
<!-- Generated by org.testng.reporters.JUnitReportReporter -->
<testsuite hostname="DESKTOP-8IRBSSS" failures="0" tests="2" name="test.Testingbaba_browserwindowTest" time="7.482" errors="0" timestamp="2022-01-18T11:29:10 IST" skipped="0">
  <testcase classname="test.Testingbaba_browserwindowTest" name="clickonalartframewindowbtn" time="0.335"/>
  <system-out/>
  <testcase classname="test.Testingbaba_browserwindowTest" name="clickonbrowserwindowbtnbtn" time="7.147"/>
  <system-out/>
</testsuite> <!-- test.Testingbaba_browserwindowTest -->
