<?xml version="1.0" encoding="UTF-8"?>
<!-- Generated by org.testng.reporters.JUnitReportReporter -->
<testsuite hostname="DESKTOP-8IRBSSS" failures="0" tests="6" name="test.Testingbaba_alartTest" time="7.067" errors="0" timestamp="2022-01-26T15:26:27 IST" skipped="0">
  <testcase classname="test.Testingbaba_alartTest" name="clickonalartframewindowbtn" time="0.361"/>
  <system-out/>
  <testcase classname="test.Testingbaba_alartTest" name="clickonalartbtn" time="0.351"/>
  <system-out/>
  <testcase classname="test.Testingbaba_alartTest" name="clickonclickmebtn" time="0.326"/>
  <system-out/>
  <testcase classname="test.Testingbaba_alartTest" name="clickonclickmebtn2" time="5.381"/>
  <system-out/>
  <testcase classname="test.Testingbaba_alartTest" name="clickonclickmebtn3" time="0.311"/>
  <system-out/>
  <testcase classname="test.Testingbaba_alartTest" name="clickonclickmebtn4" time="0.337"/>
  <system-out/>
</testsuite> <!-- test.Testingbaba_alartTest -->
