<?xml version="1.0" encoding="UTF-8"?>
<!-- Generated by org.testng.reporters.JUnitReportReporter -->
<testsuite hostname="DESKTOP-8IRBSSS" failures="0" tests="1" name="test.Testingbaba_LoginTest" time="3.189" errors="0" timestamp="2022-01-18T11:29:10 IST" skipped="0">
  <testcase classname="test.Testingbaba_LoginTest" name="clickonclosebtn" time="3.189"/>
  <system-out/>
</testsuite> <!-- test.Testingbaba_LoginTest -->
