<?xml version="1.0" encoding="UTF-8"?>
<!-- Generated by org.testng.reporters.JUnitReportReporter -->
<testsuite hostname="DESKTOP-8IRBSSS" failures="0" tests="4" name="test.Testingbaba_linksTest" time="5.745" errors="0" timestamp="2022-01-18T11:29:10 IST" skipped="0">
  <testcase classname="test.Testingbaba_linksTest" name="clickonElements" time="0.319"/>
  <system-out/>
  <testcase classname="test.Testingbaba_linksTest" name="clickonLinks" time="0.278"/>
  <system-out/>
  <testcase classname="test.Testingbaba_linksTest" name="clickonDemoPage" time="4.360"/>
  <system-out/>
  <testcase classname="test.Testingbaba_linksTest" name="clickonAPIcall" time="0.788"/>
  <system-out/>
</testsuite> <!-- test.Testingbaba_linksTest -->
