<?xml version="1.0" encoding="UTF-8"?>
<!-- Generated by org.testng.reporters.JUnitReportReporter -->
<testsuite hostname="DESKTOP-8IRBSSS" failures="0" tests="4" name="test.Testingbaba_ModalDilogsTest" time="2.572" errors="0" timestamp="2022-01-18T11:29:10 IST" skipped="0">
  <testcase classname="test.Testingbaba_ModalDilogsTest" name="clickonalartframewindowbtn" time="0.310"/>
  <system-out/>
  <testcase classname="test.Testingbaba_ModalDilogsTest" name="clickonmodeldilogsbtnbtn" time="0.274"/>
  <system-out/>
  <testcase classname="test.Testingbaba_ModalDilogsTest" name="clickonsmallmodelbtn" time="1.051"/>
  <system-out/>
  <testcase classname="test.Testingbaba_ModalDilogsTest" name="clickonlargemodelbtnbtn" time="0.937"/>
  <system-out/>
</testsuite> <!-- test.Testingbaba_ModalDilogsTest -->
