<?xml version="1.0" encoding="UTF-8"?>
<!-- Generated by org.testng.reporters.JUnitReportReporter -->
<testsuite hostname="DESKTOP-8IRBSSS" failures="0" tests="3" name="test.Testingbaba_UploadfileTest" time="5.810" errors="0" timestamp="2022-01-18T11:29:09 IST" skipped="0">
  <testcase classname="test.Testingbaba_UploadfileTest" name="clickonElements" time="0.312"/>
  <system-out/>
  <testcase classname="test.Testingbaba_UploadfileTest" name="clickonUploaddownload" time="0.321"/>
  <system-out/>
  <testcase classname="test.Testingbaba_UploadfileTest" name="clickonuploadfile" time="5.177"/>
  <system-out/>
</testsuite> <!-- test.Testingbaba_UploadfileTest -->
