<?xml version="1.0" encoding="UTF-8"?>
<!-- Generated by org.testng.reporters.JUnitReportReporter -->
<testsuite hostname="DESKTOP-8IRBSSS" failures="0" tests="4" name="test.Testingbaba_SelectMenuTest" time="1.688" errors="0" timestamp="2022-01-26T15:26:27 IST" skipped="0">
  <testcase classname="test.Testingbaba_SelectMenuTest" name="clickonSelectmenubtn" time="0.414"/>
  <system-out/>
  <testcase classname="test.Testingbaba_SelectMenuTest" name="clickonselectone" time="0.382"/>
  <system-out/>
  <testcase classname="test.Testingbaba_SelectMenuTest" name="clickonstyleselectmenubtn" time="0.411"/>
  <system-out/>
  <testcase classname="test.Testingbaba_SelectMenuTest" name="clickonmultiselectbtn" time="0.481"/>
  <system-out/>
</testsuite> <!-- test.Testingbaba_SelectMenuTest -->
