<?xml version="1.0" encoding="UTF-8"?>
<!-- Generated by org.testng.reporters.JUnitReportReporter -->
<testsuite hostname="DESKTOP-8IRBSSS" failures="0" tests="7" name="test.Testingbaba_ButtonTest" time="2.434" errors="0" timestamp="2022-01-18T11:29:10 IST" skipped="0">
  <testcase classname="test.Testingbaba_ButtonTest" name="clickonElements" time="0.374"/>
  <system-out/>
  <testcase classname="test.Testingbaba_ButtonTest" name="clickonButtons" time="0.304"/>
  <system-out/>
  <testcase classname="test.Testingbaba_ButtonTest" name="performDoubleclick" time="0.428"/>
  <system-out/>
  <testcase classname="test.Testingbaba_ButtonTest" name="performRightclick" time="0.391"/>
  <system-out/>
  <testcase classname="test.Testingbaba_ButtonTest" name="clickonclick" time="0.374"/>
  <system-out/>
  <testcase classname="test.Testingbaba_ButtonTest" name="readbuttonboxdata" time="0.315"/>
  <system-out/>
  <testcase classname="test.Testingbaba_ButtonTest" name="getverifybuttondata" time="0.248"/>
  <system-out/>
</testsuite> <!-- test.Testingbaba_ButtonTest -->
