<?xml version="1.0" encoding="UTF-8"?>
<!-- Generated by org.testng.reporters.JUnitReportReporter -->
<testsuite hostname="DESKTOP-8IRBSSS" failures="0" tests="1" name="test.Testingbaba_DaynamicPropertiesTest" time="5.898" errors="0" timestamp="2022-01-18T11:29:09 IST" skipped="0">
  <testcase classname="test.Testingbaba_DaynamicPropertiesTest" name="clickondaynamicbtn" time="5.898"/>
  <system-out/>
</testsuite> <!-- test.Testingbaba_DaynamicPropertiesTest -->
