<?xml version="1.0" encoding="UTF-8"?>
<!-- Generated by org.testng.reporters.JUnitReportReporter -->
<testsuite hostname="DESKTOP-8IRBSSS" failures="1" tests="5" name="test.Testingbaba_CheckboxTest" time="8.489" errors="0" timestamp="2022-01-08T18:32:22 IST" skipped="0">
  <testcase classname="test.Testingbaba_CheckboxTest" name="clickonElements" time="0.295"/>
  <system-out/>
  <testcase classname="test.Testingbaba_CheckboxTest" name="clickoncheckbox" time="3.076"/>
  <system-out/>
  <testcase classname="test.Testingbaba_CheckboxTest" name="clickonselectedcheckbox" time="2.529"/>
  <system-out/>
  <testcase classname="test.Testingbaba_CheckboxTest" name="readcheckboxdata" time="0.216"/>
  <system-out/>
  <testcase classname="test.Testingbaba_CheckboxTest" name="getverifiedcheckboxdata" time="2.373">
    <failure message="expected:&lt;[]&gt; but was:&lt;[You are selected Mobile]&gt;" type="org.junit.ComparisonFailure">
      <![CDATA[org.junit.ComparisonFailure: expected:<[]> but was:<[You are selected Mobile]>
at org.junit.Assert.assertEquals(Assert.java:115)
at org.junit.Assert.assertEquals(Assert.java:144)
at pages.Testingbaba_Checkboxpage.getverifiedcheckboxdata(Testingbaba_Checkboxpage.java:88)
at test.Testingbaba_CheckboxTest.getverifiedcheckboxdata(Testingbaba_CheckboxTest.java:43)
at java.base/jdk.internal.reflect.NativeMethodAccessorImpl.invoke0(Native Method)
at java.base/jdk.internal.reflect.NativeMethodAccessorImpl.invoke(NativeMethodAccessorImpl.java:78)
at java.base/jdk.internal.reflect.DelegatingMethodAccessorImpl.invoke(DelegatingMethodAccessorImpl.java:43)
at java.base/java.lang.reflect.Method.invoke(Method.java:567)
at org.testng.internal.MethodInvocationHelper.invokeMethod(MethodInvocationHelper.java:133)
at org.testng.internal.TestInvoker.invokeMethod(TestInvoker.java:598)
at org.testng.internal.TestInvoker.invokeTestMethod(TestInvoker.java:173)
at org.testng.internal.MethodRunner.runInSequence(MethodRunner.java:46)
at org.testng.internal.TestInvoker$MethodInvocationAgent.invoke(TestInvoker.java:824)
at org.testng.internal.TestInvoker.invokeTestMethods(TestInvoker.java:146)
at org.testng.internal.TestMethodWorker.invokeTestMethods(TestMethodWorker.java:146)
at org.testng.internal.TestMethodWorker.run(TestMethodWorker.java:128)
at java.base/java.util.ArrayList.forEach(ArrayList.java:1511)
at org.testng.TestRunner.privateRun(TestRunner.java:794)
at org.testng.TestRunner.run(TestRunner.java:596)
at org.testng.SuiteRunner.runTest(SuiteRunner.java:377)
at org.testng.SuiteRunner.runSequentially(SuiteRunner.java:371)
at org.testng.SuiteRunner.privateRun(SuiteRunner.java:332)
at org.testng.SuiteRunner.run(SuiteRunner.java:276)
at org.testng.SuiteRunnerWorker.runSuite(SuiteRunnerWorker.java:53)
at org.testng.SuiteRunnerWorker.run(SuiteRunnerWorker.java:96)
at org.testng.TestNG.runSuitesSequentially(TestNG.java:1212)
at org.testng.TestNG.runSuitesLocally(TestNG.java:1134)
at org.testng.TestNG.runSuites(TestNG.java:1063)
at org.testng.TestNG.run(TestNG.java:1031)
at org.testng.remote.AbstractRemoteTestNG.run(AbstractRemoteTestNG.java:115)
at org.testng.remote.RemoteTestNG.initAndRun(RemoteTestNG.java:251)
at org.testng.remote.RemoteTestNG.main(RemoteTestNG.java:77)
]]>
    </failure>
  </testcase> <!-- getverifiedcheckboxdata -->
  <system-out/>
</testsuite> <!-- test.Testingbaba_CheckboxTest -->
