<?xml version="1.0" encoding="UTF-8"?>
<!-- Generated by org.testng.reporters.JUnitReportReporter -->
<testsuite hostname="DESKTOP-8IRBSSS" failures="0" tests="8" name="test.Testingbaba_FrameTest" time="2.570" errors="0" timestamp="2022-01-18T11:29:09 IST" skipped="0">
  <testcase classname="test.Testingbaba_FrameTest" name="clickonalartframewindowbtn" time="0.342"/>
  <system-out/>
  <testcase classname="test.Testingbaba_FrameTest" name="clickonalartframewindowbtn" time="0.413"/>
  <system-out/>
  <testcase classname="test.Testingbaba_FrameTest" name="clickonframebtn" time="0.230"/>
  <system-out/>
  <testcase classname="test.Testingbaba_FrameTest" name="clickonframebtn" time="0.463"/>
  <system-out/>
  <testcase classname="test.Testingbaba_FrameTest" name="longframe" time="0.254"/>
  <system-out/>
  <testcase classname="test.Testingbaba_FrameTest" name="longframe" time="0.266"/>
  <system-out/>
  <testcase classname="test.Testingbaba_FrameTest" name="samllframe" time="0.238"/>
  <system-out/>
  <testcase classname="test.Testingbaba_FrameTest" name="samllframe" time="0.364"/>
  <system-out/>
</testsuite> <!-- test.Testingbaba_FrameTest -->
