<?xml version="1.0" encoding="UTF-8"?>
<!-- Generated by org.testng.reporters.JUnitReportReporter -->
<testsuite hostname="DESKTOP-8IRBSSS" failures="0" tests="6" name="test.Testingbaba_alartTest" time="7.462" errors="0" timestamp="2022-01-08T18:32:22 IST" skipped="0">
  <testcase classname="test.Testingbaba_alartTest" name="clickonalartframewindowbtn" time="0.375"/>
  <system-out/>
  <testcase classname="test.Testingbaba_alartTest" name="clickonalartbtn" time="0.365"/>
  <system-out/>
  <testcase classname="test.Testingbaba_alartTest" name="clickonclickmebtn" time="0.339"/>
  <system-out/>
  <testcase classname="test.Testingbaba_alartTest" name="clickonclickmebtn2" time="5.637"/>
  <system-out/>
  <testcase classname="test.Testingbaba_alartTest" name="clickonclickmebtn3" time="0.356"/>
  <system-out/>
  <testcase classname="test.Testingbaba_alartTest" name="clickonclickmebtn4" time="0.390"/>
  <system-out/>
</testsuite> <!-- test.Testingbaba_alartTest -->
