<?xml version="1.0" encoding="UTF-8"?>
<!-- Generated by org.testng.reporters.JUnitReportReporter -->
<testsuite hostname="DESKTOP-8IRBSSS" failures="0" tests="7" name="test.Testingbaba_ButtonTest" time="2.178" errors="0" timestamp="2022-01-26T15:26:27 IST" skipped="0">
  <testcase classname="test.Testingbaba_ButtonTest" name="clickonElements" time="0.301"/>
  <system-out/>
  <testcase classname="test.Testingbaba_ButtonTest" name="clickonButtons" time="0.222"/>
  <system-out/>
  <testcase classname="test.Testingbaba_ButtonTest" name="performDoubleclick" time="0.398"/>
  <system-out/>
  <testcase classname="test.Testingbaba_ButtonTest" name="performRightclick" time="0.346"/>
  <system-out/>
  <testcase classname="test.Testingbaba_ButtonTest" name="clickonclick" time="0.442"/>
  <system-out/>
  <testcase classname="test.Testingbaba_ButtonTest" name="readbuttonboxdata" time="0.178"/>
  <system-out/>
  <testcase classname="test.Testingbaba_ButtonTest" name="getverifybuttondata" time="0.291"/>
  <system-out/>
</testsuite> <!-- test.Testingbaba_ButtonTest -->
