<?xml version="1.0" encoding="UTF-8"?>
<!-- Generated by org.testng.reporters.JUnitReportReporter -->
<testsuite hostname="DESKTOP-8IRBSSS" failures="0" tests="3" name="test.Testingbaba_NestedFrameTest" time="1.404" errors="0" timestamp="2021-12-27T12:08:19 IST" skipped="0">
  <testcase classname="test.Testingbaba_NestedFrameTest" name="clickonalartframewindowbtn" time="0.312"/>
  <system-out/>
  <testcase classname="test.Testingbaba_NestedFrameTest" name="clickonnestedframe" time="0.342"/>
  <system-out/>
  <testcase classname="test.Testingbaba_NestedFrameTest" name="parentchildframe" time="0.750"/>
  <system-out/>
</testsuite> <!-- test.Testingbaba_NestedFrameTest -->
