<?xml version="1.0" encoding="UTF-8"?>
<!-- Generated by org.testng.reporters.JUnitReportReporter -->
<testsuite hostname="DESKTOP-8IRBSSS" failures="0" tests="4" name="test.Testingbaba_linksTest" time="5.924" errors="0" timestamp="2022-01-26T15:26:27 IST" skipped="0">
  <testcase classname="test.Testingbaba_linksTest" name="clickonElements" time="0.367"/>
  <system-out/>
  <testcase classname="test.Testingbaba_linksTest" name="clickonLinks" time="0.344"/>
  <system-out/>
  <testcase classname="test.Testingbaba_linksTest" name="clickonDemoPage" time="4.498"/>
  <system-out/>
  <testcase classname="test.Testingbaba_linksTest" name="clickonAPIcall" time="0.715"/>
  <system-out/>
</testsuite> <!-- test.Testingbaba_linksTest -->
