<?xml version="1.0" encoding="UTF-8"?>
<!-- Generated by org.testng.reporters.JUnitReportReporter -->
<testsuite hostname="DESKTOP-8IRBSSS" failures="0" tests="1" name="test.Testingbaba_AccordionTest" time="1.327" errors="0" timestamp="2022-01-26T15:26:27 IST" skipped="0">
  <testcase classname="test.Testingbaba_AccordionTest" name="clickonwidgetsbtn" time="1.327"/>
  <system-out/>
</testsuite> <!-- test.Testingbaba_AccordionTest -->
