<?xml version="1.0" encoding="UTF-8"?>
<!-- Generated by org.testng.reporters.JUnitReportReporter -->
<testsuite hostname="DESKTOP-8IRBSSS" failures="0" tests="3" name="test.Testingbaba_NestedFrameTest" time="2.466" errors="0" timestamp="2022-01-09T16:23:32 IST" skipped="0">
  <testcase classname="test.Testingbaba_NestedFrameTest" name="clickonalartframewindowbtn" time="0.555"/>
  <system-out/>
  <testcase classname="test.Testingbaba_NestedFrameTest" name="clickonnestedframe" time="0.598"/>
  <system-out/>
  <testcase classname="test.Testingbaba_NestedFrameTest" name="parentchildframe" time="1.313"/>
  <system-out/>
</testsuite> <!-- test.Testingbaba_NestedFrameTest -->
