<?xml version="1.0" encoding="UTF-8"?>
<!-- Generated by org.testng.reporters.JUnitReportReporter -->
<testsuite hostname="DESKTOP-8IRBSSS" failures="0" tests="4" name="test.Testingbaba_SelectMenuTest" time="1.676" errors="0" timestamp="2022-01-18T11:29:09 IST" skipped="0">
  <testcase classname="test.Testingbaba_SelectMenuTest" name="clickonSelectmenubtn" time="0.430"/>
  <system-out/>
  <testcase classname="test.Testingbaba_SelectMenuTest" name="clickonselectone" time="0.449"/>
  <system-out/>
  <testcase classname="test.Testingbaba_SelectMenuTest" name="clickonstyleselectmenubtn" time="0.416"/>
  <system-out/>
  <testcase classname="test.Testingbaba_SelectMenuTest" name="clickonmultiselectbtn" time="0.381"/>
  <system-out/>
</testsuite> <!-- test.Testingbaba_SelectMenuTest -->
