<?xml version="1.0" encoding="UTF-8"?>
<!-- Generated by org.testng.reporters.JUnitReportReporter -->
<testsuite hostname="DESKTOP-8IRBSSS" failures="0" tests="3" name="test.Testingbaba_RadiobuttonTest" time="0.675" errors="0" timestamp="2022-01-18T11:29:10 IST" skipped="0">
  <testcase classname="test.Testingbaba_RadiobuttonTest" name="clickonElements" time="0.263"/>
  <system-out/>
  <testcase classname="test.Testingbaba_RadiobuttonTest" name="clickonradiobutton" time="0.209"/>
  <system-out/>
  <testcase classname="test.Testingbaba_RadiobuttonTest" name="clickonNobutton" time="0.203"/>
  <system-out/>
</testsuite> <!-- test.Testingbaba_RadiobuttonTest -->
