<?xml version="1.0" encoding="UTF-8"?>
<!-- Generated by org.testng.reporters.JUnitReportReporter -->
<testsuite hostname="DESKTOP-8IRBSSS" failures="0" tests="6" name="test.Testingbaba_alartTest" time="7.015" errors="0" timestamp="2022-01-18T11:29:10 IST" skipped="0">
  <testcase classname="test.Testingbaba_alartTest" name="clickonalartframewindowbtn" time="0.293"/>
  <system-out/>
  <testcase classname="test.Testingbaba_alartTest" name="clickonalartbtn" time="0.282"/>
  <system-out/>
  <testcase classname="test.Testingbaba_alartTest" name="clickonclickmebtn" time="0.316"/>
  <system-out/>
  <testcase classname="test.Testingbaba_alartTest" name="clickonclickmebtn2" time="5.408"/>
  <system-out/>
  <testcase classname="test.Testingbaba_alartTest" name="clickonclickmebtn3" time="0.268"/>
  <system-out/>
  <testcase classname="test.Testingbaba_alartTest" name="clickonclickmebtn4" time="0.448"/>
  <system-out/>
</testsuite> <!-- test.Testingbaba_alartTest -->
