<?xml version="1.0" encoding="UTF-8"?>
<!-- Generated by org.testng.reporters.JUnitReportReporter -->
<testsuite hostname="DESKTOP-8IRBSSS" failures="0" tests="3" name="test.Testingbaba_UploadfileTest" time="6.705" errors="0" timestamp="2022-01-08T18:32:22 IST" skipped="0">
  <testcase classname="test.Testingbaba_UploadfileTest" name="clickonElements" time="0.879"/>
  <system-out/>
  <testcase classname="test.Testingbaba_UploadfileTest" name="clickonUploaddownload" time="0.401"/>
  <system-out/>
  <testcase classname="test.Testingbaba_UploadfileTest" name="clickonuploadfile" time="5.425"/>
  <system-out/>
</testsuite> <!-- test.Testingbaba_UploadfileTest -->
