<?xml version="1.0" encoding="UTF-8"?>
<!-- Generated by org.testng.reporters.JUnitReportReporter -->
<testsuite hostname="DESKTOP-8IRBSSS" failures="0" tests="1" name="test.Testingbaba_WidgetsTest" time="1.676" errors="0" timestamp="2022-01-13T20:51:41 IST" skipped="0">
  <testcase classname="test.Testingbaba_WidgetsTest" name="clickonwidgetsbtn" time="1.676"/>
  <system-out/>
</testsuite> <!-- test.Testingbaba_WidgetsTest -->
