<?xml version="1.0" encoding="UTF-8"?>
<!-- Generated by org.testng.reporters.JUnitReportReporter -->
<testsuite hostname="DESKTOP-8IRBSSS" failures="0" tests="4" name="test.Testingbaba_TextBoxTest" time="2.011" errors="0" timestamp="2022-01-18T11:29:10 IST" skipped="0">
  <testcase classname="test.Testingbaba_TextBoxTest" name="clickonElements" time="0.252"/>
  <system-out/>
  <testcase classname="test.Testingbaba_TextBoxTest" name="clickonTextBox" time="0.218"/>
  <system-out/>
  <testcase classname="test.Testingbaba_TextBoxTest" name="Filltaxboxdetails" time="1.161"/>
  <system-out/>
  <testcase classname="test.Testingbaba_TextBoxTest" name="getvarifytextboxdata" time="0.380"/>
  <system-out/>
</testsuite> <!-- test.Testingbaba_TextBoxTest -->
