<?xml version="1.0" encoding="UTF-8"?>
<!-- Generated by org.testng.reporters.JUnitReportReporter -->
<testsuite hostname="DESKTOP-8IRBSSS" failures="0" tests="3" name="test.Testingbaba_UploadfileTest" time="3.136" errors="0" timestamp="2022-01-26T15:26:27 IST" skipped="0">
  <testcase classname="test.Testingbaba_UploadfileTest" name="clickonElements" time="0.292"/>
  <system-out/>
  <testcase classname="test.Testingbaba_UploadfileTest" name="clickonUploaddownload" time="0.265"/>
  <system-out/>
  <testcase classname="test.Testingbaba_UploadfileTest" name="clickonuploadfile" time="2.579"/>
  <system-out/>
</testsuite> <!-- test.Testingbaba_UploadfileTest -->
