<?xml version="1.0" encoding="UTF-8"?>
<!-- Generated by org.testng.reporters.JUnitReportReporter -->
<testsuite hostname="DESKTOP-8IRBSSS" failures="0" tests="5" name="test.Testingbaba_CheckboxTest" time="7.562" errors="0" timestamp="2022-01-26T15:26:27 IST" skipped="0">
  <testcase classname="test.Testingbaba_CheckboxTest" name="clickonElements" time="0.224"/>
  <system-out/>
  <testcase classname="test.Testingbaba_CheckboxTest" name="clickoncheckbox" time="2.322"/>
  <system-out/>
  <testcase classname="test.Testingbaba_CheckboxTest" name="clickonselectedcheckbox" time="2.485"/>
  <system-out/>
  <testcase classname="test.Testingbaba_CheckboxTest" name="readcheckboxdata" time="0.223"/>
  <system-out/>
  <testcase classname="test.Testingbaba_CheckboxTest" name="getverifiedcheckboxdata" time="2.308"/>
  <system-out/>
</testsuite> <!-- test.Testingbaba_CheckboxTest -->
