<?xml version="1.0" encoding="UTF-8"?>
<!-- Generated by org.testng.reporters.JUnitReportReporter -->
<testsuite hostname="DESKTOP-8IRBSSS" failures="0" tests="4" name="test.Testingbaba_FrameTest" time="1.157" errors="0" timestamp="2022-01-26T15:31:36 IST" skipped="0">
  <testcase classname="test.Testingbaba_FrameTest" name="clickonalartframewindowbtn" time="0.316"/>
  <system-out/>
  <testcase classname="test.Testingbaba_FrameTest" name="clickonframebtn" time="0.375"/>
  <system-out/>
  <testcase classname="test.Testingbaba_FrameTest" name="longframe" time="0.235"/>
  <system-out/>
  <testcase classname="test.Testingbaba_FrameTest" name="samllframe" time="0.231"/>
  <system-out/>
</testsuite> <!-- test.Testingbaba_FrameTest -->
